[2026-03-05T18:22:30.054Z] Plugin initialized: 0 commands []
[2026-03-05T18:22:30.257Z] Registered /subtask command
[2026-03-05T18:23:18.746Z] message-hooks: ENTRY msgCount=1, sessions=ses_340c298cdffexI8aYG0IpfFG3n
[2026-03-05T18:23:18.746Z] message-hooks: MESSAGES: [0]user: text:"[analyze-mode]
ANALYSIS MODE. Gather con..."
[2026-03-05T18:23:18.746Z] message-hooks: post-filter, msgCount=1
[2026-03-05T18:23:18.746Z] message-hooks: about to search for OPENCODE_GENERIC
[2026-03-05T18:23:18.746Z] message-hooks: searching 1 messages for OPENCODE_GENERIC
[2026-03-05T18:23:18.746Z] message-hooks: generic search complete, found=false, index=-1
[2026-03-05T18:23:18.746Z] message-hooks: no generic part found, checking for pending prompt return
[2026-03-05T18:23:32.335Z] tool.before: taskSession=ses_340c298cdffexI8aYG0IpfFG3n, prompt="[CONTEXT]: User needs to under...", pendingParentSession=NOT FOUND
[2026-03-05T18:23:32.335Z] tool.before: callID=call_7bb0d84214a74570968c15ab, cmd=undefined, desc="Find SillyTavern extension doc", mainCmd=undefined
[2026-03-05T18:23:32.917Z] message-hooks: ENTRY msgCount=1, sessions=ses_340c26206ffeh19Ejq6rdkLAnH
[2026-03-05T18:23:32.917Z] message-hooks: MESSAGES: [0]user: text:"[CONTEXT]: User needs to understand how ..."
[2026-03-05T18:23:32.917Z] message-hooks: post-filter, msgCount=1
[2026-03-05T18:23:32.917Z] message-hooks: about to search for OPENCODE_GENERIC
[2026-03-05T18:23:32.917Z] message-hooks: searching 1 messages for OPENCODE_GENERIC
[2026-03-05T18:23:32.917Z] message-hooks: generic search complete, found=false, index=-1
[2026-03-05T18:23:32.917Z] message-hooks: no generic part found, checking for pending prompt return
[2026-03-05T18:23:50.063Z] message-hooks: ENTRY msgCount=2, sessions=ses_340c26206ffeh19Ejq6rdkLAnH
[2026-03-05T18:23:50.063Z] message-hooks: MESSAGES: [0]user: text:"[CONTEXT]: User needs to understand how ..." | [1]assistant: step-start, reasoning, text:"I'll help you find the official SillyTav...", tool:completed, tool:completed, step-finish
[2026-03-05T18:23:50.063Z] message-hooks: post-filter, msgCount=2
[2026-03-05T18:23:50.063Z] message-hooks: about to search for OPENCODE_GENERIC
[2026-03-05T18:23:50.063Z] message-hooks: searching 2 messages for OPENCODE_GENERIC
[2026-03-05T18:23:50.063Z] message-hooks: generic search complete, found=false, index=-1
[2026-03-05T18:23:50.063Z] message-hooks: no generic part found, checking for pending prompt return
[2026-03-05T18:23:58.334Z] message-hooks: ENTRY msgCount=3, sessions=ses_340c26206ffeh19Ejq6rdkLAnH
[2026-03-05T18:23:58.334Z] message-hooks: MESSAGES: [0]user: text:"[CONTEXT]: User needs to understand how ..." | [1]assistant: step-start, reasoning, text:"I'll help you find the official SillyTav...", tool:completed, tool:completed, step-finish | [2]assistant: step-start, reasoning, text:"I found the official documentation. Now ...", tool:completed, tool:completed, step-finish
[2026-03-05T18:23:58.334Z] message-hooks: post-filter, msgCount=3
[2026-03-05T18:23:58.334Z] message-hooks: about to search for OPENCODE_GENERIC
[2026-03-05T18:23:58.334Z] message-hooks: searching 3 messages for OPENCODE_GENERIC
[2026-03-05T18:23:58.334Z] message-hooks: generic search complete, found=false, index=-1
[2026-03-05T18:23:58.334Z] message-hooks: no generic part found, checking for pending prompt return
[2026-03-05T18:24:06.795Z] message-hooks: ENTRY msgCount=4, sessions=ses_340c26206ffeh19Ejq6rdkLAnH
[2026-03-05T18:24:06.795Z] message-hooks: MESSAGES: [0]user: text:"[CONTEXT]: User needs to understand how ..." | [1]assistant: step-start, reasoning, text:"I'll help you find the official SillyTav...", tool:completed, tool:completed, step-finish | [2]assistant: step-start, reasoning, text:"I found the official documentation. Now ...", tool:completed, tool:completed, step-finish | [3]assistant: step-start, reasoning, text:"Now let me get an example extension to s...", tool:completed, step-finish
[2026-03-05T18:24:06.795Z] message-hooks: post-filter, msgCount=4
[2026-03-05T18:24:06.795Z] message-hooks: about to search for OPENCODE_GENERIC
[2026-03-05T18:24:06.795Z] message-hooks: searching 4 messages for OPENCODE_GENERIC
[2026-03-05T18:24:06.795Z] message-hooks: generic search complete, found=false, index=-1
[2026-03-05T18:24:06.795Z] message-hooks: no generic part found, checking for pending prompt return
[2026-03-05T18:24:16.367Z] message-hooks: ENTRY msgCount=5, sessions=ses_340c26206ffeh19Ejq6rdkLAnH
[2026-03-05T18:24:16.367Z] message-hooks: MESSAGES: [0]user: text:"[CONTEXT]: User needs to understand how ..." | [1]assistant: step-start, reasoning, text:"I'll help you find the official SillyTav...", tool:completed, tool:completed, step-finish | [2]assistant: step-start, reasoning, text:"I found the official documentation. Now ...", tool:completed, tool:completed, step-finish | [3]assistant: step-start, reasoning, text:"Now let me get an example extension to s...", tool:completed, step-finish | [4]assistant: step-start, reasoning, tool:error, reasoning, tool:completed, step-finish
[2026-03-05T18:24:16.367Z] message-hooks: post-filter, msgCount=5
[2026-03-05T18:24:16.367Z] message-hooks: about to search for OPENCODE_GENERIC
[2026-03-05T18:24:16.367Z] message-hooks: searching 5 messages for OPENCODE_GENERIC
[2026-03-05T18:24:16.367Z] message-hooks: generic search complete, found=false, index=-1
[2026-03-05T18:24:16.367Z] message-hooks: no generic part found, checking for pending prompt return
[2026-03-05T18:24:20.506Z] message-hooks: ENTRY msgCount=6, sessions=ses_340c26206ffeh19Ejq6rdkLAnH
[2026-03-05T18:24:20.506Z] message-hooks: MESSAGES: [0]user: text:"[CONTEXT]: User needs to understand how ..." | [1]assistant: step-start, reasoning, text:"I'll help you find the official SillyTav...", tool:completed, tool:completed, step-finish | [2]assistant: step-start, reasoning, text:"I found the official documentation. Now ...", tool:completed, tool:completed, step-finish | [3]assistant: step-start, reasoning, text:"Now let me get an example extension to s...", tool:completed, step-finish | [4]assistant: step-start, reasoning, tool:error, reasoning, tool:completed, step-finish | [5]assistant: step-start, reasoning, tool:completed, step-finish
[2026-03-05T18:24:20.506Z] message-hooks: post-filter, msgCount=6
[2026-03-05T18:24:20.506Z] message-hooks: about to search for OPENCODE_GENERIC
[2026-03-05T18:24:20.506Z] message-hooks: searching 6 messages for OPENCODE_GENERIC
[2026-03-05T18:24:20.506Z] message-hooks: generic search complete, found=false, index=-1
[2026-03-05T18:24:20.506Z] message-hooks: no generic part found, checking for pending prompt return
[2026-03-05T18:25:57.704Z] session.idle: sessionID=ses_340c26206ffeh19Ejq6rdkLAnH
[2026-03-05T18:25:58.323Z] tool.after: callID=call_7bb0d84214a74570968c15ab, cmd=undefined, wasTracked=false
[2026-03-05T18:25:58.323Z] tool.after: parentSession=undefined, loopSession=ses_340c298cdffexI8aYG0IpfFG3n, hasLoop=false, isInlineLoop=false
[2026-03-05T18:25:59.383Z] message-hooks: ENTRY msgCount=2, sessions=ses_340c298cdffexI8aYG0IpfFG3n
[2026-03-05T18:25:59.383Z] message-hooks: MESSAGES: [0]user: text:"[analyze-mode]
ANALYSIS MODE. Gather con..." | [1]assistant: step-start, reasoning, text:"I'll search for SillyTavern extension do...", tool:completed, step-finish
[2026-03-05T18:25:59.383Z] message-hooks: post-filter, msgCount=2
[2026-03-05T18:25:59.383Z] message-hooks: about to search for OPENCODE_GENERIC
[2026-03-05T18:25:59.383Z] message-hooks: searching 2 messages for OPENCODE_GENERIC
[2026-03-05T18:25:59.383Z] message-hooks: generic search complete, found=false, index=-1
[2026-03-05T18:25:59.383Z] message-hooks: no generic part found, checking for pending prompt return
[2026-03-05T18:26:18.711Z] session.idle: sessionID=ses_340c298cdffexI8aYG0IpfFG3n
[2026-03-05T18:26:58.159Z] message-hooks: ENTRY msgCount=4, sessions=ses_340c298cdffexI8aYG0IpfFG3n
[2026-03-05T18:26:58.159Z] message-hooks: MESSAGES: [0]user: text:"[analyze-mode]
ANALYSIS MODE. Gather con..." | [1]assistant: step-start, reasoning, text:"I'll search for SillyTavern extension do...", tool:completed, step-finish | [2]assistant: step-start, reasoning, text:"## SillyTavern Extension Development Gui...", step-finish | [3]user: text:"do you want to write it as document in t..."
[2026-03-05T18:26:58.159Z] message-hooks: post-filter, msgCount=4
[2026-03-05T18:26:58.159Z] message-hooks: about to search for OPENCODE_GENERIC
[2026-03-05T18:26:58.159Z] message-hooks: searching 4 messages for OPENCODE_GENERIC
[2026-03-05T18:26:58.159Z] message-hooks: generic search complete, found=false, index=-1
[2026-03-05T18:26:58.159Z] message-hooks: no generic part found, checking for pending prompt return
[2026-03-05T18:28:09.993Z] message-hooks: ENTRY msgCount=5, sessions=ses_340c298cdffexI8aYG0IpfFG3n
[2026-03-05T18:28:09.993Z] message-hooks: MESSAGES: [0]user: text:"[analyze-mode]
ANALYSIS MODE. Gather con..." | [1]assistant: step-start, reasoning, text:"I'll search for SillyTavern extension do...", tool:completed, step-finish | [2]assistant: step-start, reasoning, text:"## SillyTavern Extension Development Gui...", step-finish | [3]user: text:"do you want to write it as document in t..." | [4]assistant: step-start, reasoning, text:"I'll save the documentation for referenc...", tool:completed, step-finish
[2026-03-05T18:28:09.993Z] message-hooks: post-filter, msgCount=5
[2026-03-05T18:28:09.993Z] message-hooks: about to search for OPENCODE_GENERIC
[2026-03-05T18:28:09.993Z] message-hooks: searching 5 messages for OPENCODE_GENERIC
[2026-03-05T18:28:09.993Z] message-hooks: generic search complete, found=false, index=-1
[2026-03-05T18:28:09.993Z] message-hooks: no generic part found, checking for pending prompt return
[2026-03-05T18:32:50.940Z] message-hooks: ENTRY msgCount=6, sessions=ses_340c298cdffexI8aYG0IpfFG3n
[2026-03-05T18:32:50.940Z] message-hooks: MESSAGES: [0]user: text:"[analyze-mode]
ANALYSIS MODE. Gather con..." | [1]assistant: step-start, reasoning, text:"I'll search for SillyTavern extension do...", tool:completed, step-finish | [2]assistant: step-start, reasoning, text:"## SillyTavern Extension Development Gui...", step-finish | [3]user: text:"do you want to write it as document in t..." | [4]assistant: step-start, reasoning, text:"I'll save the documentation for referenc...", tool:completed, step-finish | [5]assistant: step-start, reasoning, text:"Saved to `ST_EXTENSION_DOCS.md`.

Now le...", tool:completed, step-finish, text:"
<prunable-tools>
The following tools ha..."
[2026-03-05T18:32:50.940Z] message-hooks: post-filter, msgCount=6
[2026-03-05T18:32:50.940Z] message-hooks: about to search for OPENCODE_GENERIC
[2026-03-05T18:32:50.940Z] message-hooks: searching 6 messages for OPENCODE_GENERIC
[2026-03-05T18:32:50.940Z] message-hooks: generic search complete, found=false, index=-1
[2026-03-05T18:32:50.940Z] message-hooks: no generic part found, checking for pending prompt return
[2026-03-05T18:35:01.422Z] message-hooks: ENTRY msgCount=7, sessions=ses_340c298cdffexI8aYG0IpfFG3n
[2026-03-05T18:35:01.422Z] message-hooks: MESSAGES: [0]user: text:"[analyze-mode]
ANALYSIS MODE. Gather con..." | [1]assistant: step-start, reasoning, text:"I'll search for SillyTavern extension do...", tool:completed, step-finish | [2]assistant: step-start, reasoning, text:"## SillyTavern Extension Development Gui...", step-finish | [3]user: text:"do you want to write it as document in t..." | [4]assistant: step-start, reasoning, text:"I'll save the documentation for referenc...", tool:completed, step-finish | [5]assistant: step-start, reasoning, text:"Saved to `ST_EXTENSION_DOCS.md`.

Now le...", tool:completed, step-finish | [6]assistant: step-start, reasoning, text:"Got it! So it's a **user continuation/au...", tool:completed, step-finish, text:"
<prunable-tools>
The following tools ha..."
[2026-03-05T18:35:01.422Z] message-hooks: post-filter, msgCount=7
[2026-03-05T18:35:01.422Z] message-hooks: about to search for OPENCODE_GENERIC
[2026-03-05T18:35:01.422Z] message-hooks: searching 7 messages for OPENCODE_GENERIC
[2026-03-05T18:35:01.422Z] message-hooks: generic search complete, found=false, index=-1
[2026-03-05T18:35:01.422Z] message-hooks: no generic part found, checking for pending prompt return
[2026-03-05T18:35:47.726Z] message-hooks: ENTRY msgCount=8, sessions=ses_340c298cdffexI8aYG0IpfFG3n
[2026-03-05T18:35:47.726Z] message-hooks: MESSAGES: [0]user: text:"[analyze-mode]
ANALYSIS MODE. Gather con..." | [1]assistant: step-start, reasoning, text:"I'll search for SillyTavern extension do...", tool:completed, step-finish | [2]assistant: step-start, reasoning, text:"## SillyTavern Extension Development Gui...", step-finish | [3]user: text:"do you want to write it as document in t..." | [4]assistant: step-start, reasoning, text:"I'll save the documentation for referenc...", tool:completed, step-finish | [5]assistant: step-start, reasoning, text:"Saved to `ST_EXTENSION_DOCS.md`.

Now le...", tool:completed, step-finish | [6]assistant: step-start, reasoning, text:"Got it! So it's a **user continuation/au...", tool:completed, step-finish | [7]assistant: step-start, reasoning, text:"Perfect! Now I have a clear picture. Let...", tool:completed, step-finish, text:"
<prunable-tools>
The following tools ha..."
[2026-03-05T18:35:47.726Z] message-hooks: post-filter, msgCount=8
[2026-03-05T18:35:47.726Z] message-hooks: about to search for OPENCODE_GENERIC
[2026-03-05T18:35:47.726Z] message-hooks: searching 8 messages for OPENCODE_GENERIC
[2026-03-05T18:35:47.726Z] message-hooks: generic search complete, found=false, index=-1
[2026-03-05T18:35:47.726Z] message-hooks: no generic part found, checking for pending prompt return
[2026-03-05T18:36:25.935Z] message-hooks: ENTRY msgCount=9, sessions=ses_340c298cdffexI8aYG0IpfFG3n
[2026-03-05T18:36:25.935Z] message-hooks: MESSAGES: [0]user: text:"[analyze-mode]
ANALYSIS MODE. Gather con..." | [1]assistant: step-start, reasoning, text:"I'll search for SillyTavern extension do...", tool:completed, step-finish | [2]assistant: step-start, reasoning, text:"## SillyTavern Extension Development Gui...", step-finish | [3]user: text:"do you want to write it as document in t..." | [4]assistant: step-start, reasoning, text:"I'll save the documentation for referenc...", tool:completed, step-finish | [5]assistant: step-start, reasoning, text:"Saved to `ST_EXTENSION_DOCS.md`.

Now le...", tool:completed, step-finish | [6]assistant: step-start, reasoning, text:"Got it! So it's a **user continuation/au...", tool:completed, step-finish | [7]assistant: step-start, reasoning, text:"Perfect! Now I have a clear picture. Let...", tool:completed, step-finish | [8]assistant: step-start, reasoning, text:"Created `PLANNING.md` with the full desi...", tool:completed, step-finish, text:"
<prunable-tools>
The following tools ha..."
[2026-03-05T18:36:25.935Z] message-hooks: post-filter, msgCount=9
[2026-03-05T18:36:25.935Z] message-hooks: about to search for OPENCODE_GENERIC
[2026-03-05T18:36:25.935Z] message-hooks: searching 9 messages for OPENCODE_GENERIC
[2026-03-05T18:36:25.935Z] message-hooks: generic search complete, found=false, index=-1
[2026-03-05T18:36:25.935Z] message-hooks: no generic part found, checking for pending prompt return
[2026-03-05T18:36:36.352Z] message-hooks: ENTRY msgCount=10, sessions=ses_340c298cdffexI8aYG0IpfFG3n
[2026-03-05T18:36:36.352Z] message-hooks: MESSAGES: [0]user: text:"[analyze-mode]
ANALYSIS MODE. Gather con..." | [1]assistant: step-start, reasoning, text:"I'll search for SillyTavern extension do...", tool:completed, step-finish | [2]assistant: step-start, reasoning, text:"## SillyTavern Extension Development Gui...", step-finish | [3]user: text:"do you want to write it as document in t..." | [4]assistant: step-start, reasoning, text:"I'll save the documentation for referenc...", tool:completed, step-finish | [5]assistant: step-start, reasoning, text:"Saved to `ST_EXTENSION_DOCS.md`.

Now le...", tool:completed, step-finish | [6]assistant: step-start, reasoning, text:"Got it! So it's a **user continuation/au...", tool:completed, step-finish | [7]assistant: step-start, reasoning, text:"Perfect! Now I have a clear picture. Let...", tool:completed, step-finish | [8]assistant: step-start, reasoning, text:"Created `PLANNING.md` with the full desi...", tool:completed, step-finish | [9]assistant: step-start, reasoning, text:"Let's build it.", tool:completed, step-finish, text:"
<prunable-tools>
The following tools ha..."
[2026-03-05T18:36:36.352Z] message-hooks: post-filter, msgCount=10
[2026-03-05T18:36:36.352Z] message-hooks: about to search for OPENCODE_GENERIC
[2026-03-05T18:36:36.352Z] message-hooks: searching 10 messages for OPENCODE_GENERIC
[2026-03-05T18:36:36.352Z] message-hooks: generic search complete, found=false, index=-1
[2026-03-05T18:36:36.352Z] message-hooks: no generic part found, checking for pending prompt return
[2026-03-05T18:36:44.907Z] message-hooks: ENTRY msgCount=11, sessions=ses_340c298cdffexI8aYG0IpfFG3n
[2026-03-05T18:36:44.907Z] message-hooks: MESSAGES: [0]user: text:"[analyze-mode]
ANALYSIS MODE. Gather con..." | [1]assistant: step-start, reasoning, text:"I'll search for SillyTavern extension do...", tool:completed, step-finish | [2]assistant: step-start, reasoning, text:"## SillyTavern Extension Development Gui...", step-finish | [3]user: text:"do you want to write it as document in t..." | [4]assistant: step-start, reasoning, text:"I'll save the documentation for referenc...", tool:completed, step-finish | [5]assistant: step-start, reasoning, text:"Saved to `ST_EXTENSION_DOCS.md`.

Now le...", tool:completed, step-finish | [6]assistant: step-start, reasoning, text:"Got it! So it's a **user continuation/au...", tool:completed, step-finish | [7]assistant: step-start, reasoning, text:"Perfect! Now I have a clear picture. Let...", tool:completed, step-finish | [8]assistant: step-start, reasoning, text:"Created `PLANNING.md` with the full desi...", tool:completed, step-finish | [9]assistant: step-start, reasoning, text:"Let's build it.", tool:completed, step-finish | [10]assistant: step-start, reasoning, tool:completed, step-finish, text:"
<prunable-tools>
The following tools ha..."
[2026-03-05T18:36:44.907Z] message-hooks: post-filter, msgCount=11
[2026-03-05T18:36:44.907Z] message-hooks: about to search for OPENCODE_GENERIC
[2026-03-05T18:36:44.907Z] message-hooks: searching 11 messages for OPENCODE_GENERIC
[2026-03-05T18:36:44.907Z] message-hooks: generic search complete, found=false, index=-1
[2026-03-05T18:36:44.908Z] message-hooks: no generic part found, checking for pending prompt return
[2026-03-05T18:37:50.849Z] message-hooks: ENTRY msgCount=12, sessions=ses_340c298cdffexI8aYG0IpfFG3n
[2026-03-05T18:37:50.849Z] message-hooks: MESSAGES: [0]user: text:"[analyze-mode]
ANALYSIS MODE. Gather con..." | [1]assistant: step-start, reasoning, text:"I'll search for SillyTavern extension do...", tool:completed, step-finish | [2]assistant: step-start, reasoning, text:"## SillyTavern Extension Development Gui...", step-finish | [3]user: text:"do you want to write it as document in t..." | [4]assistant: step-start, reasoning, text:"I'll save the documentation for referenc...", tool:completed, step-finish | [5]assistant: step-start, reasoning, text:"Saved to `ST_EXTENSION_DOCS.md`.

Now le...", tool:completed, step-finish | [6]assistant: step-start, reasoning, text:"Got it! So it's a **user continuation/au...", tool:completed, step-finish | [7]assistant: step-start, reasoning, text:"Perfect! Now I have a clear picture. Let...", tool:completed, step-finish | [8]assistant: step-start, reasoning, text:"Created `PLANNING.md` with the full desi...", tool:completed, step-finish | [9]assistant: step-start, reasoning, text:"Let's build it.", tool:completed, step-finish | [10]assistant: step-start, reasoning, tool:completed, step-finish | [11]assistant: step-start, reasoning, tool:completed, tool:completed, tool:completed, step-finish, text:"
<prunable-tools>
The following tools ha..."
[2026-03-05T18:37:50.849Z] message-hooks: post-filter, msgCount=12
[2026-03-05T18:37:50.849Z] message-hooks: about to search for OPENCODE_GENERIC
[2026-03-05T18:37:50.849Z] message-hooks: searching 12 messages for OPENCODE_GENERIC
[2026-03-05T18:37:50.849Z] message-hooks: generic search complete, found=false, index=-1
[2026-03-05T18:37:50.849Z] message-hooks: no generic part found, checking for pending prompt return
[2026-03-05T18:38:00.699Z] message-hooks: ENTRY msgCount=13, sessions=ses_340c298cdffexI8aYG0IpfFG3n
[2026-03-05T18:38:00.699Z] message-hooks: MESSAGES: [0]user: text:"[analyze-mode]
ANALYSIS MODE. Gather con..." | [1]assistant: step-start, reasoning, text:"I'll search for SillyTavern extension do...", tool:completed, step-finish | [2]assistant: step-start, reasoning, text:"## SillyTavern Extension Development Gui...", step-finish | [3]user: text:"do you want to write it as document in t..." | [4]assistant: step-start, reasoning, text:"I'll save the documentation for referenc...", tool:completed, step-finish | [5]assistant: step-start, reasoning, text:"Saved to `ST_EXTENSION_DOCS.md`.

Now le...", tool:completed, step-finish | [6]assistant: step-start, reasoning, text:"Got it! So it's a **user continuation/au...", tool:completed, step-finish | [7]assistant: step-start, reasoning, text:"Perfect! Now I have a clear picture. Let...", tool:completed, step-finish | [8]assistant: step-start, reasoning, text:"Created `PLANNING.md` with the full desi...", tool:completed, step-finish | [9]assistant: step-start, reasoning, text:"Let's build it.", tool:completed, step-finish | [10]assistant: step-start, reasoning, tool:completed, step-finish | [11]assistant: step-start, reasoning, tool:completed, tool:completed, tool:completed, step-finish | [12]assistant: step-start, reasoning, tool:completed, step-finish, text:"
<prunable-tools>
The following tools ha..."
[2026-03-05T18:38:00.699Z] message-hooks: post-filter, msgCount=13
[2026-03-05T18:38:00.699Z] message-hooks: about to search for OPENCODE_GENERIC
[2026-03-05T18:38:00.699Z] message-hooks: searching 13 messages for OPENCODE_GENERIC
[2026-03-05T18:38:00.699Z] message-hooks: generic search complete, found=false, index=-1
[2026-03-05T18:38:00.699Z] message-hooks: no generic part found, checking for pending prompt return
[2026-03-05T18:38:07.719Z] message-hooks: ENTRY msgCount=14, sessions=ses_340c298cdffexI8aYG0IpfFG3n
[2026-03-05T18:38:07.719Z] message-hooks: MESSAGES: [0]user: text:"[analyze-mode]
ANALYSIS MODE. Gather con..." | [1]assistant: step-start, reasoning, text:"I'll search for SillyTavern extension do...", tool:completed, step-finish | [2]assistant: step-start, reasoning, text:"## SillyTavern Extension Development Gui...", step-finish | [3]user: text:"do you want to write it as document in t..." | [4]assistant: step-start, reasoning, text:"I'll save the documentation for referenc...", tool:completed, step-finish | [5]assistant: step-start, reasoning, text:"Saved to `ST_EXTENSION_DOCS.md`.

Now le...", tool:completed, step-finish | [6]assistant: step-start, reasoning, text:"Got it! So it's a **user continuation/au...", tool:completed, step-finish | [7]assistant: step-start, reasoning, text:"Perfect! Now I have a clear picture. Let...", tool:completed, step-finish | [8]assistant: step-start, reasoning, text:"Created `PLANNING.md` with the full desi...", tool:completed, step-finish | [9]assistant: step-start, reasoning, text:"Let's build it.", tool:completed, step-finish | [10]assistant: step-start, reasoning, tool:completed, step-finish | [11]assistant: step-start, reasoning, tool:completed, tool:completed, step-finish | [12]assistant: step-start, reasoning, tool:completed, step-finish | [13]assistant: step-start, reasoning, tool:completed, step-finish, text:"
<prunable-tools>
The following tools ha..."
[2026-03-05T18:38:07.719Z] message-hooks: post-filter, msgCount=14
[2026-03-05T18:38:07.719Z] message-hooks: about to search for OPENCODE_GENERIC
[2026-03-05T18:38:07.719Z] message-hooks: searching 14 messages for OPENCODE_GENERIC
[2026-03-05T18:38:07.719Z] message-hooks: generic search complete, found=false, index=-1
[2026-03-05T18:38:07.719Z] message-hooks: no generic part found, checking for pending prompt return
[2026-03-05T18:38:15.924Z] message-hooks: ENTRY msgCount=15, sessions=ses_340c298cdffexI8aYG0IpfFG3n
[2026-03-05T18:38:15.924Z] message-hooks: MESSAGES: [0]user: text:"[analyze-mode]
ANALYSIS MODE. Gather con..." | [1]assistant: step-start, reasoning, text:"I'll search for SillyTavern extension do...", tool:completed, step-finish | [2]assistant: step-start, reasoning, text:"## SillyTavern Extension Development Gui...", step-finish | [3]user: text:"do you want to write it as document in t..." | [4]assistant: step-start, reasoning, text:"I'll save the documentation for referenc...", tool:completed, step-finish | [5]assistant: step-start, reasoning, text:"Saved to `ST_EXTENSION_DOCS.md`.

Now le...", tool:completed, step-finish | [6]assistant: step-start, reasoning, text:"Got it! So it's a **user continuation/au...", tool:completed, step-finish | [7]assistant: step-start, reasoning, text:"Perfect! Now I have a clear picture. Let...", tool:completed, step-finish | [8]assistant: step-start, reasoning, text:"Created `PLANNING.md` with the full desi...", tool:completed, step-finish | [9]assistant: step-start, reasoning, text:"Let's build it.", tool:completed, step-finish | [10]assistant: step-start, reasoning, tool:completed, step-finish | [11]assistant: step-start, reasoning, tool:completed, tool:completed, step-finish | [12]assistant: step-start, reasoning, tool:completed, step-finish | [13]assistant: step-start, reasoning, tool:completed, step-finish | [14]assistant: step-start, reasoning, tool:completed, step-finish, text:"
<prunable-tools>
The following tools ha..."
[2026-03-05T18:38:15.925Z] message-hooks: post-filter, msgCount=15
[2026-03-05T18:38:15.925Z] message-hooks: about to search for OPENCODE_GENERIC
[2026-03-05T18:38:15.925Z] message-hooks: searching 15 messages for OPENCODE_GENERIC
[2026-03-05T18:38:15.925Z] message-hooks: generic search complete, found=false, index=-1
[2026-03-05T18:38:15.925Z] message-hooks: no generic part found, checking for pending prompt return
[2026-03-05T18:38:31.947Z] message-hooks: ENTRY msgCount=16, sessions=ses_340c298cdffexI8aYG0IpfFG3n
[2026-03-05T18:38:31.947Z] message-hooks: MESSAGES: [0]user: text:"[analyze-mode]
ANALYSIS MODE. Gather con..." | [1]assistant: step-start, reasoning, text:"I'll search for SillyTavern extension do...", tool:completed, step-finish | [2]assistant: step-start, reasoning, text:"## SillyTavern Extension Development Gui...", step-finish | [3]user: text:"do you want to write it as document in t..." | [4]assistant: step-start, reasoning, text:"I'll save the documentation for referenc...", tool:completed, step-finish | [5]assistant: step-start, reasoning, text:"Saved to `ST_EXTENSION_DOCS.md`.

Now le...", tool:completed, step-finish | [6]assistant: step-start, reasoning, text:"Got it! So it's a **user continuation/au...", tool:completed, step-finish | [7]assistant: step-start, reasoning, text:"Perfect! Now I have a clear picture. Let...", tool:completed, step-finish | [8]assistant: step-start, reasoning, text:"Created `PLANNING.md` with the full desi...", tool:completed, step-finish | [9]assistant: step-start, reasoning, text:"Let's build it.", tool:completed, step-finish | [10]assistant: step-start, reasoning, tool:completed, step-finish | [11]assistant: step-start, reasoning, tool:completed, tool:completed, step-finish | [12]assistant: step-start, reasoning, tool:completed, step-finish | [13]assistant: step-start, reasoning, tool:completed, step-finish | [14]assistant: step-start, reasoning, tool:completed, step-finish | [15]assistant: step-start, reasoning, tool:completed, step-finish, text:"
<prunable-tools>
The following tools ha..."
[2026-03-05T18:38:31.947Z] message-hooks: post-filter, msgCount=16
[2026-03-05T18:38:31.947Z] message-hooks: about to search for OPENCODE_GENERIC
[2026-03-05T18:38:31.947Z] message-hooks: searching 16 messages for OPENCODE_GENERIC
[2026-03-05T18:38:31.947Z] message-hooks: generic search complete, found=false, index=-1
[2026-03-05T18:38:31.947Z] message-hooks: no generic part found, checking for pending prompt return
[2026-03-05T18:38:38.316Z] message-hooks: ENTRY msgCount=17, sessions=ses_340c298cdffexI8aYG0IpfFG3n
[2026-03-05T18:38:38.316Z] message-hooks: MESSAGES: [0]user: text:"[analyze-mode]
ANALYSIS MODE. Gather con..." | [1]assistant: step-start, reasoning, text:"I'll search for SillyTavern extension do...", tool:completed, step-finish | [2]assistant: step-start, reasoning, text:"## SillyTavern Extension Development Gui...", step-finish | [3]user: text:"do you want to write it as document in t..." | [4]assistant: step-start, reasoning, text:"I'll save the documentation for referenc...", tool:completed, step-finish | [5]assistant: step-start, reasoning, text:"Saved to `ST_EXTENSION_DOCS.md`.

Now le...", tool:completed, step-finish | [6]assistant: step-start, reasoning, text:"Got it! So it's a **user continuation/au...", tool:completed, step-finish | [7]assistant: step-start, reasoning, text:"Perfect! Now I have a clear picture. Let...", step-finish | [8]assistant: step-start, reasoning, text:"Created `PLANNING.md` with the full desi...", tool:completed, step-finish | [9]assistant: step-start, reasoning, text:"Let's build it.", tool:completed, step-finish | [10]assistant: step-start, reasoning, tool:completed, step-finish | [11]assistant: step-start, reasoning, tool:completed, tool:completed, step-finish | [12]assistant: step-start, reasoning, tool:completed, step-finish | [13]assistant: step-start, reasoning, tool:completed, step-finish | [14]assistant: step-start, reasoning, tool:completed, step-finish | [15]assistant: step-start, reasoning, tool:completed, step-finish | [16]assistant: step-start, reasoning, tool:completed, step-finish, text:"
<prunable-tools>
The following tools ha..."
[2026-03-05T18:38:38.316Z] message-hooks: post-filter, msgCount=17
[2026-03-05T18:38:38.316Z] message-hooks: about to search for OPENCODE_GENERIC
[2026-03-05T18:38:38.316Z] message-hooks: searching 17 messages for OPENCODE_GENERIC
[2026-03-05T18:38:38.316Z] message-hooks: generic search complete, found=false, index=-1
[2026-03-05T18:38:38.316Z] message-hooks: no generic part found, checking for pending prompt return
[2026-03-05T18:38:53.097Z] message-hooks: ENTRY msgCount=18, sessions=ses_340c298cdffexI8aYG0IpfFG3n
[2026-03-05T18:38:53.097Z] message-hooks: MESSAGES: [0]user: text:"[analyze-mode]
ANALYSIS MODE. Gather con..." | [1]assistant: step-start, reasoning, text:"I'll search for SillyTavern extension do...", tool:completed, step-finish | [2]assistant: step-start, reasoning, text:"## SillyTavern Extension Development Gui...", step-finish | [3]user: text:"do you want to write it as document in t..." | [4]assistant: step-start, reasoning, text:"I'll save the documentation for referenc...", tool:completed, step-finish | [5]assistant: step-start, reasoning, text:"Saved to `ST_EXTENSION_DOCS.md`.

Now le...", tool:completed, step-finish | [6]assistant: step-start, reasoning, text:"Got it! So it's a **user continuation/au...", tool:completed, step-finish | [7]assistant: step-start, reasoning, text:"Perfect! Now I have a clear picture. Let...", step-finish | [8]assistant: step-start, reasoning, text:"Created `PLANNING.md` with the full desi...", tool:completed, step-finish | [9]assistant: step-start, reasoning, text:"Let's build it.", tool:completed, step-finish | [10]assistant: step-start, reasoning, tool:completed, step-finish | [11]assistant: step-start, reasoning, tool:completed, tool:completed, step-finish | [12]assistant: step-start, reasoning, tool:completed, step-finish | [13]assistant: step-start, reasoning, tool:completed, step-finish | [14]assistant: step-start, reasoning, tool:completed, step-finish | [15]assistant: step-start, reasoning, tool:completed, step-finish | [16]assistant: step-start, reasoning, tool:completed, step-finish | [17]assistant: step-start, reasoning, tool:completed, step-finish, text:"
<prunable-tools>
The following tools ha..."
[2026-03-05T18:38:53.097Z] message-hooks: post-filter, msgCount=18
[2026-03-05T18:38:53.097Z] message-hooks: about to search for OPENCODE_GENERIC
[2026-03-05T18:38:53.097Z] message-hooks: searching 18 messages for OPENCODE_GENERIC
[2026-03-05T18:38:53.097Z] message-hooks: generic search complete, found=false, index=-1
[2026-03-05T18:38:53.097Z] message-hooks: no generic part found, checking for pending prompt return
[2026-03-05T18:39:07.593Z] session.idle: sessionID=ses_340c298cdffexI8aYG0IpfFG3n
[2026-03-05T18:39:10.960Z] cmd.before: init no config
[2026-03-05T18:39:10.960Z] Processing 1 parts for $TURN refs
[2026-03-05T18:39:10.960Z] Part type=text, hasPrompt=false, hasText=true
[2026-03-05T18:39:10.960Z] Text part (first 200): Please analyze this codebase and create an AGENTS.md file containing:
1. Build/lint/test commands - especially for running a single test
2. Code style guidelines including imports, formatting, types, 
[2026-03-05T18:39:11.308Z] message-hooks: ENTRY msgCount=20, sessions=ses_340c298cdffexI8aYG0IpfFG3n
[2026-03-05T18:39:11.308Z] message-hooks: MESSAGES: [0]user: text:"[analyze-mode]
ANALYSIS MODE. Gather con..." | [1]assistant: step-start, reasoning, text:"I'll search for SillyTavern extension do...", tool:completed, step-finish | [2]assistant: step-start, reasoning, text:"## SillyTavern Extension Development Gui...", step-finish | [3]user: text:"do you want to write it as document in t..." | [4]assistant: step-start, reasoning, text:"I'll save the documentation for referenc...", tool:completed, step-finish | [5]assistant: step-start, reasoning, text:"Saved to `ST_EXTENSION_DOCS.md`.

Now le...", tool:completed, step-finish | [6]assistant: step-start, reasoning, text:"Got it! So it's a **user continuation/au...", tool:completed, step-finish | [7]assistant: step-start, reasoning, text:"Perfect! Now I have a clear picture. Let...", step-finish | [8]assistant: step-start, reasoning, text:"Created `PLANNING.md` with the full desi...", tool:completed, step-finish | [9]assistant: step-start, reasoning, text:"Let's build it.", tool:completed, step-finish | [10]assistant: step-start, reasoning, tool:completed, step-finish | [11]assistant: step-start, reasoning, tool:completed, tool:completed, step-finish | [12]assistant: step-start, reasoning, tool:completed, step-finish | [13]assistant: step-start, reasoning, tool:completed, step-finish | [14]assistant: step-start, reasoning, tool:completed, step-finish | [15]assistant: step-start, reasoning, tool:completed, step-finish | [16]assistant: step-start, reasoning, tool:completed, step-finish | [17]assistant: step-start, reasoning, tool:completed, step-finish | [18]assistant: step-start, reasoning, text:"**MVP Complete!** 🪄

## Created Files

...", step-finish | [19]user: text:"[analyze-mode]
ANALYSIS MODE. Gather con...", text:"
<prunable-tools>
The following tools ha..."
[2026-03-05T18:39:11.308Z] message-hooks: post-filter, msgCount=20
[2026-03-05T18:39:11.308Z] message-hooks: about to search for OPENCODE_GENERIC
[2026-03-05T18:39:11.308Z] message-hooks: searching 20 messages for OPENCODE_GENERIC
[2026-03-05T18:39:11.308Z] message-hooks: generic search complete, found=false, index=-1
[2026-03-05T18:39:11.308Z] message-hooks: no generic part found, checking for pending prompt return
[2026-03-05T18:39:22.548Z] message-hooks: ENTRY msgCount=21, sessions=ses_340c298cdffexI8aYG0IpfFG3n
[2026-03-05T18:39:22.548Z] message-hooks: MESSAGES: [0]user: text:"[analyze-mode]
ANALYSIS MODE. Gather con..." | [1]assistant: step-start, reasoning, text:"I'll search for SillyTavern extension do...", tool:completed, step-finish | [2]assistant: step-start, reasoning, text:"## SillyTavern Extension Development Gui...", step-finish | [3]user: text:"do you want to write it as document in t..." | [4]assistant: step-start, reasoning, text:"I'll save the documentation for referenc...", tool:completed, step-finish | [5]assistant: step-start, reasoning, text:"Saved to `ST_EXTENSION_DOCS.md`.

Now le...", tool:completed, step-finish | [6]assistant: step-start, reasoning, text:"Got it! So it's a **user continuation/au...", tool:completed, step-finish | [7]assistant: step-start, reasoning, text:"Perfect! Now I have a clear picture. Let...", step-finish | [8]assistant: step-start, reasoning, text:"Created `PLANNING.md` with the full desi...", tool:completed, step-finish | [9]assistant: step-start, reasoning, text:"Let's build it.", tool:completed, step-finish | [10]assistant: step-start, reasoning, tool:completed, step-finish | [11]assistant: step-start, reasoning, tool:completed, tool:completed, step-finish | [12]assistant: step-start, reasoning, tool:completed, step-finish | [13]assistant: step-start, reasoning, tool:completed, step-finish | [14]assistant: step-start, reasoning, tool:completed, step-finish | [15]assistant: step-start, reasoning, tool:completed, step-finish | [16]assistant: step-start, reasoning, tool:completed, step-finish | [17]assistant: step-start, reasoning, tool:completed, step-finish | [18]assistant: step-start, reasoning, text:"**MVP Complete!** 🪄

## Created Files

...", step-finish | [19]user: text:"[analyze-mode]
ANALYSIS MODE. Gather con..." | [20]assistant: step-start, reasoning, tool:completed, tool:completed, tool:completed, tool:completed, tool:completed, step-finish, text:"
<prunable-tools>
The following tools ha..."
[2026-03-05T18:39:22.548Z] message-hooks: post-filter, msgCount=21
[2026-03-05T18:39:22.548Z] message-hooks: about to search for OPENCODE_GENERIC
[2026-03-05T18:39:22.548Z] message-hooks: searching 21 messages for OPENCODE_GENERIC
[2026-03-05T18:39:22.548Z] message-hooks: generic search complete, found=false, index=-1
[2026-03-05T18:39:22.548Z] message-hooks: no generic part found, checking for pending prompt return
[2026-03-05T18:39:34.073Z] message-hooks: ENTRY msgCount=22, sessions=ses_340c298cdffexI8aYG0IpfFG3n
[2026-03-05T18:39:34.073Z] message-hooks: MESSAGES: [0]user: text:"[analyze-mode]
ANALYSIS MODE. Gather con..." | [1]assistant: step-start, reasoning, text:"I'll search for SillyTavern extension do...", tool:completed, step-finish | [2]assistant: step-start, reasoning, text:"## SillyTavern Extension Development Gui...", step-finish | [3]user: text:"do you want to write it as document in t..." | [4]assistant: step-start, reasoning, text:"I'll save the documentation for referenc...", step-finish | [5]assistant: step-start, reasoning, text:"Saved to `ST_EXTENSION_DOCS.md`.

Now le...", tool:completed, step-finish | [6]assistant: step-start, reasoning, text:"Got it! So it's a **user continuation/au...", tool:completed, step-finish | [7]assistant: step-start, reasoning, text:"Perfect! Now I have a clear picture. Let...", step-finish | [8]assistant: step-start, reasoning, text:"Created `PLANNING.md` with the full desi...", tool:completed, step-finish | [9]assistant: step-start, reasoning, text:"Let's build it.", tool:completed, step-finish | [10]assistant: step-start, reasoning, tool:completed, step-finish | [11]assistant: step-start, reasoning, tool:completed, step-finish | [12]assistant: step-start, reasoning, tool:completed, step-finish | [13]assistant: step-start, reasoning, tool:completed, step-finish | [14]assistant: step-start, reasoning, tool:completed, step-finish | [15]assistant: step-start, reasoning, tool:completed, step-finish | [16]assistant: step-start, reasoning, tool:completed, step-finish | [17]assistant: step-start, reasoning, tool:completed, step-finish | [18]assistant: step-start, reasoning, text:"**MVP Complete!** 🪄

## Created Files

...", step-finish | [19]user: text:"[analyze-mode]
ANALYSIS MODE. Gather con..." | [20]assistant: step-start, reasoning, tool:completed, tool:completed, tool:completed, tool:completed, tool:completed, step-finish | [21]assistant: step-start, reasoning, tool:completed, tool:completed, tool:completed, step-finish, text:"
<prunable-tools>
The following tools ha..."
[2026-03-05T18:39:34.073Z] message-hooks: post-filter, msgCount=22
[2026-03-05T18:39:34.073Z] message-hooks: about to search for OPENCODE_GENERIC
[2026-03-05T18:39:34.073Z] message-hooks: searching 22 messages for OPENCODE_GENERIC
[2026-03-05T18:39:34.073Z] message-hooks: generic search complete, found=false, index=-1
[2026-03-05T18:39:34.073Z] message-hooks: no generic part found, checking for pending prompt return
[2026-03-05T18:40:02.905Z] message-hooks: ENTRY msgCount=25, sessions=ses_340c298cdffexI8aYG0IpfFG3n
[2026-03-05T18:40:02.905Z] message-hooks: MESSAGES: [0]user: text:"[analyze-mode]
ANALYSIS MODE. Gather con..." | [1]assistant: step-start, reasoning, text:"I'll search for SillyTavern extension do...", tool:completed, step-finish | [2]assistant: step-start, reasoning, text:"## SillyTavern Extension Development Gui...", step-finish | [3]user: text:"do you want to write it as document in t..." | [4]assistant: step-start, reasoning, text:"I'll save the documentation for referenc...", step-finish | [5]assistant: step-start, reasoning, text:"Saved to `ST_EXTENSION_DOCS.md`.

Now le...", tool:completed, step-finish | [6]assistant: step-start, reasoning, text:"Got it! So it's a **user continuation/au...", tool:completed, step-finish | [7]assistant: step-start, reasoning, text:"Perfect! Now I have a clear picture. Let...", step-finish | [8]assistant: step-start, reasoning, text:"Created `PLANNING.md` with the full desi...", tool:completed, step-finish | [9]assistant: step-start, reasoning, text:"Let's build it.", tool:completed, step-finish | [10]assistant: step-start, reasoning, tool:completed, step-finish | [11]assistant: step-start, reasoning, tool:completed, step-finish | [12]assistant: step-start, reasoning, tool:completed, step-finish | [13]assistant: step-start, reasoning, tool:completed, step-finish | [14]assistant: step-start, reasoning, tool:completed, step-finish | [15]assistant: step-start, reasoning, tool:completed, step-finish | [16]assistant: step-start, reasoning, tool:completed, step-finish | [17]assistant: step-start, reasoning, tool:completed, step-finish | [18]assistant: step-start, reasoning, text:"**MVP Complete!** 🪄

## Created Files

...", step-finish | [19]user: text:"[analyze-mode]
ANALYSIS MODE. Gather con..." | [20]assistant: step-start, reasoning, tool:completed, tool:completed, tool:completed, tool:completed, tool:completed, step-finish | [21]assistant: step-start, reasoning, tool:completed, tool:completed, tool:completed, step-finish | [22]assistant: step-start, reasoning, tool:completed, tool:completed, step-finish, text:"
<context-info>
Context management was j..." | [23]user: text:"▣ DCP | ~5K tokens saved total

▣ Prunin..." | [24]user: text:"▣ DCP | ~10K tokens saved total

▣ Pruni..."
[2026-03-05T18:40:02.905Z] message-hooks: post-filter, msgCount=25
[2026-03-05T18:40:02.905Z] message-hooks: about to search for OPENCODE_GENERIC
[2026-03-05T18:40:02.905Z] message-hooks: searching 25 messages for OPENCODE_GENERIC
[2026-03-05T18:40:02.905Z] message-hooks: generic search complete, found=false, index=-1
[2026-03-05T18:40:02.905Z] message-hooks: no generic part found, checking for pending prompt return
[2026-03-05T18:40:52.078Z] message-hooks: ENTRY msgCount=26, sessions=ses_340c298cdffexI8aYG0IpfFG3n
[2026-03-05T18:40:52.078Z] message-hooks: MESSAGES: [0]user: text:"[analyze-mode]
ANALYSIS MODE. Gather con..." | [1]assistant: step-start, reasoning, text:"I'll search for SillyTavern extension do...", tool:completed, step-finish | [2]assistant: step-start, reasoning, text:"## SillyTavern Extension Development Gui...", step-finish | [3]user: text:"do you want to write it as document in t..." | [4]assistant: step-start, reasoning, text:"I'll save the documentation for referenc...", step-finish | [5]assistant: step-start, reasoning, text:"Saved to `ST_EXTENSION_DOCS.md`.

Now le...", tool:completed, step-finish | [6]assistant: step-start, reasoning, text:"Got it! So it's a **user continuation/au...", tool:completed, step-finish | [7]assistant: step-start, reasoning, text:"Perfect! Now I have a clear picture. Let...", step-finish | [8]assistant: step-start, reasoning, text:"Created `PLANNING.md` with the full desi...", tool:completed, step-finish | [9]assistant: step-start, reasoning, text:"Let's build it.", tool:completed, step-finish | [10]assistant: step-start, reasoning, tool:completed, step-finish | [11]assistant: step-start, reasoning, tool:completed, step-finish | [12]assistant: step-start, reasoning, tool:completed, step-finish | [13]assistant: step-start, reasoning, tool:completed, step-finish | [14]assistant: step-start, reasoning, tool:completed, step-finish | [15]assistant: step-start, reasoning, tool:completed, step-finish | [16]assistant: step-start, reasoning, tool:completed, step-finish | [17]assistant: step-start, reasoning, tool:completed, step-finish | [18]assistant: step-start, reasoning, text:"**MVP Complete!** 🪄

## Created Files

...", step-finish | [19]user: text:"[analyze-mode]
ANALYSIS MODE. Gather con..." | [20]assistant: step-start, reasoning, tool:completed, tool:completed, tool:completed, tool:completed, tool:completed, step-finish | [21]assistant: step-start, reasoning, tool:completed, tool:completed, tool:completed, step-finish | [22]assistant: step-start, reasoning, tool:completed, tool:completed, step-finish | [23]user: text:"▣ DCP | ~5K tokens saved total

▣ Prunin..." | [24]user: text:"▣ DCP | ~10K tokens saved total

▣ Pruni..." | [25]assistant: step-start, reasoning, tool:completed, step-finish
[2026-03-05T18:40:52.078Z] message-hooks: post-filter, msgCount=26
[2026-03-05T18:40:52.078Z] message-hooks: about to search for OPENCODE_GENERIC
[2026-03-05T18:40:52.078Z] message-hooks: searching 26 messages for OPENCODE_GENERIC
[2026-03-05T18:40:52.078Z] message-hooks: generic search complete, found=false, index=-1
[2026-03-05T18:40:52.078Z] message-hooks: no generic part found, checking for pending prompt return
[2026-03-05T18:40:57.395Z] message-hooks: ENTRY msgCount=27, sessions=ses_340c298cdffexI8aYG0IpfFG3n
[2026-03-05T18:40:57.395Z] message-hooks: MESSAGES: [0]user: text:"[analyze-mode]
ANALYSIS MODE. Gather con..." | [1]assistant: step-start, reasoning, text:"I'll search for SillyTavern extension do...", tool:completed, step-finish | [2]assistant: step-start, reasoning, text:"## SillyTavern Extension Development Gui...", step-finish | [3]user: text:"do you want to write it as document in t..." | [4]assistant: step-start, reasoning, text:"I'll save the documentation for referenc...", step-finish | [5]assistant: step-start, reasoning, text:"Saved to `ST_EXTENSION_DOCS.md`.

Now le...", tool:completed, step-finish | [6]assistant: step-start, reasoning, text:"Got it! So it's a **user continuation/au...", tool:completed, step-finish | [7]assistant: step-start, reasoning, text:"Perfect! Now I have a clear picture. Let...", step-finish | [8]assistant: step-start, reasoning, text:"Created `PLANNING.md` with the full desi...", tool:completed, step-finish | [9]assistant: step-start, reasoning, text:"Let's build it.", tool:completed, step-finish | [10]assistant: step-start, reasoning, tool:completed, step-finish | [11]assistant: step-start, reasoning, tool:completed, step-finish | [12]assistant: step-start, reasoning, tool:completed, step-finish | [13]assistant: step-start, reasoning, tool:completed, step-finish | [14]assistant: step-start, reasoning, tool:completed, step-finish | [15]assistant: step-start, reasoning, tool:completed, step-finish | [16]assistant: step-start, reasoning, tool:completed, step-finish | [17]assistant: step-start, reasoning, tool:completed, step-finish | [18]assistant: step-start, reasoning, text:"**MVP Complete!** 🪄

## Created Files

...", step-finish | [19]user: text:"[analyze-mode]
ANALYSIS MODE. Gather con..." | [20]assistant: step-start, reasoning, tool:completed, tool:completed, tool:completed, tool:completed, tool:completed, step-finish | [21]assistant: step-start, reasoning, tool:completed, tool:completed, tool:completed, step-finish | [22]assistant: step-start, reasoning, tool:completed, tool:completed, step-finish | [23]user: text:"▣ DCP | ~5K tokens saved total

▣ Prunin..." | [24]user: text:"▣ DCP | ~10K tokens saved total

▣ Pruni..." | [25]assistant: step-start, reasoning, step-finish | [26]assistant: step-start, reasoning, tool:completed, step-finish, text:"
<prunable-tools>
The following tools ha..."
[2026-03-05T18:40:57.395Z] message-hooks: post-filter, msgCount=27
[2026-03-05T18:40:57.395Z] message-hooks: about to search for OPENCODE_GENERIC
[2026-03-05T18:40:57.395Z] message-hooks: searching 27 messages for OPENCODE_GENERIC
[2026-03-05T18:40:57.395Z] message-hooks: generic search complete, found=false, index=-1
[2026-03-05T18:40:57.395Z] message-hooks: no generic part found, checking for pending prompt return
[2026-03-05T18:41:05.187Z] message-hooks: ENTRY msgCount=28, sessions=ses_340c298cdffexI8aYG0IpfFG3n
[2026-03-05T18:41:05.187Z] message-hooks: MESSAGES: [0]user: text:"[analyze-mode]
ANALYSIS MODE. Gather con..." | [1]assistant: step-start, reasoning, text:"I'll search for SillyTavern extension do...", tool:completed, step-finish | [2]assistant: step-start, reasoning, text:"## SillyTavern Extension Development Gui...", step-finish | [3]user: text:"do you want to write it as document in t..." | [4]assistant: step-start, reasoning, text:"I'll save the documentation for referenc...", step-finish | [5]assistant: step-start, reasoning, text:"Saved to `ST_EXTENSION_DOCS.md`.

Now le...", tool:completed, step-finish | [6]assistant: step-start, reasoning, text:"Got it! So it's a **user continuation/au...", tool:completed, step-finish | [7]assistant: step-start, reasoning, text:"Perfect! Now I have a clear picture. Let...", step-finish | [8]assistant: step-start, reasoning, text:"Created `PLANNING.md` with the full desi...", tool:completed, step-finish | [9]assistant: step-start, reasoning, text:"Let's build it.", tool:completed, step-finish | [10]assistant: step-start, reasoning, tool:completed, step-finish | [11]assistant: step-start, reasoning, tool:completed, step-finish | [12]assistant: step-start, reasoning, tool:completed, step-finish | [13]assistant: step-start, reasoning, tool:completed, step-finish | [14]assistant: step-start, reasoning, tool:completed, step-finish | [15]assistant: step-start, reasoning, tool:completed, step-finish | [16]assistant: step-start, reasoning, tool:completed, step-finish | [17]assistant: step-start, reasoning, tool:completed, step-finish | [18]assistant: step-start, reasoning, text:"**MVP Complete!** 🪄

## Created Files

...", step-finish | [19]user: text:"[analyze-mode]
ANALYSIS MODE. Gather con..." | [20]assistant: step-start, reasoning, tool:completed, tool:completed, tool:completed, tool:completed, tool:completed, step-finish | [21]assistant: step-start, reasoning, tool:completed, tool:completed, tool:completed, step-finish | [22]assistant: step-start, reasoning, tool:completed, tool:completed, step-finish | [23]user: text:"▣ DCP | ~5K tokens saved total

▣ Prunin..." | [24]user: text:"▣ DCP | ~10K tokens saved total

▣ Pruni..." | [25]assistant: step-start, reasoning, step-finish | [26]assistant: step-start, reasoning, tool:completed, step-finish | [27]assistant: step-start, reasoning, tool:completed, step-finish, text:"
<prunable-tools>
The following tools ha..."
[2026-03-05T18:41:05.187Z] message-hooks: post-filter, msgCount=28
[2026-03-05T18:41:05.187Z] message-hooks: about to search for OPENCODE_GENERIC
[2026-03-05T18:41:05.187Z] message-hooks: searching 28 messages for OPENCODE_GENERIC
[2026-03-05T18:41:05.187Z] message-hooks: generic search complete, found=false, index=-1
[2026-03-05T18:41:05.187Z] message-hooks: no generic part found, checking for pending prompt return
[2026-03-05T18:41:13.881Z] message-hooks: ENTRY msgCount=30, sessions=ses_340c298cdffexI8aYG0IpfFG3n
[2026-03-05T18:41:13.881Z] message-hooks: MESSAGES: [0]user: text:"[analyze-mode]
ANALYSIS MODE. Gather con..." | [1]assistant: step-start, reasoning, text:"I'll search for SillyTavern extension do...", tool:completed, step-finish | [2]assistant: step-start, reasoning, text:"## SillyTavern Extension Development Gui...", step-finish | [3]user: text:"do you want to write it as document in t..." | [4]assistant: step-start, reasoning, text:"I'll save the documentation for referenc...", step-finish | [5]assistant: step-start, reasoning, text:"Saved to `ST_EXTENSION_DOCS.md`.

Now le...", tool:completed, step-finish | [6]assistant: step-start, reasoning, text:"Got it! So it's a **user continuation/au...", tool:completed, step-finish | [7]assistant: step-start, reasoning, text:"Perfect! Now I have a clear picture. Let...", step-finish | [8]assistant: step-start, reasoning, text:"Created `PLANNING.md` with the full desi...", tool:completed, step-finish | [9]assistant: step-start, reasoning, text:"Let's build it.", tool:completed, step-finish | [10]assistant: step-start, reasoning, tool:completed, step-finish | [11]assistant: step-start, reasoning, tool:completed, step-finish | [12]assistant: step-start, reasoning, tool:completed, step-finish | [13]assistant: step-start, reasoning, tool:completed, step-finish | [14]assistant: step-start, reasoning, tool:completed, step-finish | [15]assistant: step-start, reasoning, tool:completed, step-finish | [16]assistant: step-start, reasoning, tool:completed, step-finish | [17]assistant: step-start, reasoning, tool:completed, step-finish | [18]assistant: step-start, reasoning, text:"**MVP Complete!** 🪄

## Created Files

...", step-finish | [19]user: text:"[analyze-mode]
ANALYSIS MODE. Gather con..." | [20]assistant: step-start, reasoning, tool:completed, tool:completed, tool:completed, tool:completed, tool:completed, step-finish | [21]assistant: step-start, reasoning, tool:completed, tool:completed, tool:completed, step-finish | [22]assistant: step-start, reasoning, tool:completed, tool:completed, step-finish | [23]user: text:"▣ DCP | ~5K tokens saved total

▣ Prunin..." | [24]user: text:"▣ DCP | ~10K tokens saved total

▣ Pruni..." | [25]assistant: step-start, reasoning, step-finish | [26]assistant: step-start, reasoning, tool:completed, step-finish | [27]assistant: step-start, reasoning, tool:completed, step-finish | [28]assistant: step-start, reasoning, tool:completed, step-finish, text:"
<context-info>
Context management was j..." | [29]user: text:"▣ DCP | ~13K tokens saved total

▣ Pruni..."
[2026-03-05T18:41:13.881Z] message-hooks: post-filter, msgCount=30
[2026-03-05T18:41:13.881Z] message-hooks: about to search for OPENCODE_GENERIC
[2026-03-05T18:41:13.881Z] message-hooks: searching 30 messages for OPENCODE_GENERIC
[2026-03-05T18:41:13.881Z] message-hooks: generic search complete, found=false, index=-1
[2026-03-05T18:41:13.881Z] message-hooks: no generic part found, checking for pending prompt return
[2026-03-05T18:41:25.989Z] session.idle: sessionID=ses_340c298cdffexI8aYG0IpfFG3n
[2026-03-05T18:44:56.224Z] message-hooks: ENTRY msgCount=32, sessions=ses_340c298cdffexI8aYG0IpfFG3n
[2026-03-05T18:44:56.224Z] message-hooks: MESSAGES: [0]user: text:"[analyze-mode]
ANALYSIS MODE. Gather con..." | [1]assistant: step-start, reasoning, text:"I'll search for SillyTavern extension do...", tool:completed, step-finish | [2]assistant: step-start, reasoning, text:"## SillyTavern Extension Development Gui...", step-finish | [3]user: text:"do you want to write it as document in t..." | [4]assistant: step-start, reasoning, text:"I'll save the documentation for referenc...", step-finish | [5]assistant: step-start, reasoning, text:"Saved to `ST_EXTENSION_DOCS.md`.

Now le...", tool:completed, step-finish | [6]assistant: step-start, reasoning, text:"Got it! So it's a **user continuation/au...", tool:completed, step-finish | [7]assistant: step-start, reasoning, text:"Perfect! Now I have a clear picture. Let...", step-finish | [8]assistant: step-start, reasoning, text:"Created `PLANNING.md` with the full desi...", tool:completed, step-finish | [9]assistant: step-start, reasoning, text:"Let's build it.", tool:completed, step-finish | [10]assistant: step-start, reasoning, tool:completed, step-finish | [11]assistant: step-start, reasoning, tool:completed, step-finish | [12]assistant: step-start, reasoning, tool:completed, step-finish | [13]assistant: step-start, reasoning, tool:completed, step-finish | [14]assistant: step-start, reasoning, tool:completed, step-finish | [15]assistant: step-start, reasoning, tool:completed, step-finish | [16]assistant: step-start, reasoning, tool:completed, step-finish | [17]assistant: step-start, reasoning, tool:completed, step-finish | [18]assistant: step-start, reasoning, text:"**MVP Complete!** 🪄

## Created Files

...", step-finish | [19]user: text:"[analyze-mode]
ANALYSIS MODE. Gather con..." | [20]assistant: step-start, reasoning, tool:completed, tool:completed, tool:completed, tool:completed, tool:completed, step-finish | [21]assistant: step-start, reasoning, tool:completed, tool:completed, tool:completed, step-finish | [22]assistant: step-start, reasoning, tool:completed, tool:completed, step-finish | [23]user: text:"▣ DCP | ~5K tokens saved total

▣ Prunin..." | [24]user: text:"▣ DCP | ~10K tokens saved total

▣ Pruni..." | [25]assistant: step-start, reasoning, step-finish | [26]assistant: step-start, reasoning, tool:completed, step-finish | [27]assistant: step-start, reasoning, tool:completed, step-finish | [28]assistant: step-start, reasoning, tool:completed, step-finish | [29]user: text:"▣ DCP | ~13K tokens saved total

▣ Pruni..." | [30]assistant: step-start, reasoning, text:"Created `AGENTS.md` (251 lines) with com...", step-finish | [31]user: text:"sillytavern not host on my local do i ne...", text:"
<context-info>
Context management was j..."
[2026-03-05T18:44:56.224Z] message-hooks: post-filter, msgCount=32
[2026-03-05T18:44:56.224Z] message-hooks: about to search for OPENCODE_GENERIC
[2026-03-05T18:44:56.224Z] message-hooks: searching 32 messages for OPENCODE_GENERIC
[2026-03-05T18:44:56.224Z] message-hooks: generic search complete, found=false, index=-1
[2026-03-05T18:44:56.224Z] message-hooks: no generic part found, checking for pending prompt return
[2026-03-05T18:45:14.528Z] session.idle: sessionID=ses_340c298cdffexI8aYG0IpfFG3n
[2026-03-05T18:46:16.875Z] message-hooks: ENTRY msgCount=34, sessions=ses_340c298cdffexI8aYG0IpfFG3n
[2026-03-05T18:46:16.875Z] message-hooks: MESSAGES: [0]user: text:"[analyze-mode]
ANALYSIS MODE. Gather con..." | [1]assistant: step-start, reasoning, text:"I'll search for SillyTavern extension do...", tool:completed, step-finish | [2]assistant: step-start, reasoning, text:"## SillyTavern Extension Development Gui...", step-finish | [3]user: text:"do you want to write it as document in t..." | [4]assistant: step-start, reasoning, text:"I'll save the documentation for referenc...", step-finish | [5]assistant: step-start, reasoning, text:"Saved to `ST_EXTENSION_DOCS.md`.

Now le...", tool:completed, step-finish | [6]assistant: step-start, reasoning, text:"Got it! So it's a **user continuation/au...", tool:completed, step-finish | [7]assistant: step-start, reasoning, text:"Perfect! Now I have a clear picture. Let...", step-finish | [8]assistant: step-start, reasoning, text:"Created `PLANNING.md` with the full desi...", tool:completed, step-finish | [9]assistant: step-start, reasoning, text:"Let's build it.", tool:completed, step-finish | [10]assistant: step-start, reasoning, tool:completed, step-finish | [11]assistant: step-start, reasoning, tool:completed, step-finish | [12]assistant: step-start, reasoning, tool:completed, step-finish | [13]assistant: step-start, reasoning, tool:completed, step-finish | [14]assistant: step-start, reasoning, tool:completed, step-finish | [15]assistant: step-start, reasoning, tool:completed, step-finish | [16]assistant: step-start, reasoning, tool:completed, step-finish | [17]assistant: step-start, reasoning, tool:completed, step-finish | [18]assistant: step-start, reasoning, text:"**MVP Complete!** 🪄

## Created Files

...", step-finish | [19]user: text:"[analyze-mode]
ANALYSIS MODE. Gather con..." | [20]assistant: step-start, reasoning, tool:completed, tool:completed, tool:completed, tool:completed, tool:completed, step-finish | [21]assistant: step-start, reasoning, tool:completed, tool:completed, tool:completed, step-finish | [22]assistant: step-start, reasoning, tool:completed, tool:completed, step-finish | [23]user: text:"▣ DCP | ~5K tokens saved total

▣ Prunin..." | [24]user: text:"▣ DCP | ~10K tokens saved total

▣ Pruni..." | [25]assistant: step-start, reasoning, step-finish | [26]assistant: step-start, reasoning, tool:completed, step-finish | [27]assistant: step-start, reasoning, tool:completed, step-finish | [28]assistant: step-start, reasoning, tool:completed, step-finish | [29]user: text:"▣ DCP | ~13K tokens saved total

▣ Pruni..." | [30]assistant: step-start, reasoning, text:"Created `AGENTS.md` (251 lines) with com...", step-finish | [31]user: text:"sillytavern not host on my local do i ne..." | [32]assistant: step-start, reasoning, text:"Yes, you'll need to upload the extension...", step-finish | [33]user: text:"what about github?Enter the Git URL of t...", text:"
<context-info>
Context management was j..."
[2026-03-05T18:46:16.875Z] message-hooks: post-filter, msgCount=34
[2026-03-05T18:46:16.875Z] message-hooks: about to search for OPENCODE_GENERIC
[2026-03-05T18:46:16.875Z] message-hooks: searching 34 messages for OPENCODE_GENERIC
[2026-03-05T18:46:16.875Z] message-hooks: generic search complete, found=false, index=-1
[2026-03-05T18:46:16.875Z] message-hooks: no generic part found, checking for pending prompt return
[2026-03-05T18:46:24.898Z] message-hooks: ENTRY msgCount=35, sessions=ses_340c298cdffexI8aYG0IpfFG3n
[2026-03-05T18:46:24.898Z] message-hooks: MESSAGES: [0]user: text:"[analyze-mode]
ANALYSIS MODE. Gather con..." | [1]assistant: step-start, reasoning, text:"I'll search for SillyTavern extension do...", tool:completed, step-finish | [2]assistant: step-start, reasoning, text:"## SillyTavern Extension Development Gui...", step-finish | [3]user: text:"do you want to write it as document in t..." | [4]assistant: step-start, reasoning, text:"I'll save the documentation for referenc...", step-finish | [5]assistant: step-start, reasoning, text:"Saved to `ST_EXTENSION_DOCS.md`.

Now le...", tool:completed, step-finish | [6]assistant: step-start, reasoning, text:"Got it! So it's a **user continuation/au...", tool:completed, step-finish | [7]assistant: step-start, reasoning, text:"Perfect! Now I have a clear picture. Let...", step-finish | [8]assistant: step-start, reasoning, text:"Created `PLANNING.md` with the full desi...", tool:completed, step-finish | [9]assistant: step-start, reasoning, text:"Let's build it.", tool:completed, step-finish | [10]assistant: step-start, reasoning, tool:completed, step-finish | [11]assistant: step-start, reasoning, tool:completed, step-finish | [12]assistant: step-start, reasoning, tool:completed, step-finish | [13]assistant: step-start, reasoning, tool:completed, step-finish | [14]assistant: step-start, reasoning, tool:completed, step-finish | [15]assistant: step-start, reasoning, tool:completed, step-finish | [16]assistant: step-start, reasoning, tool:completed, step-finish | [17]assistant: step-start, reasoning, tool:completed, step-finish | [18]assistant: step-start, reasoning, text:"**MVP Complete!** 🪄

## Created Files

...", step-finish | [19]user: text:"[analyze-mode]
ANALYSIS MODE. Gather con..." | [20]assistant: step-start, reasoning, tool:completed, tool:completed, tool:completed, tool:completed, tool:completed, step-finish | [21]assistant: step-start, reasoning, tool:completed, tool:completed, tool:completed, step-finish | [22]assistant: step-start, reasoning, tool:completed, tool:completed, step-finish | [23]user: text:"▣ DCP | ~5K tokens saved total

▣ Prunin..." | [24]user: text:"▣ DCP | ~10K tokens saved total

▣ Pruni..." | [25]assistant: step-start, reasoning, step-finish | [26]assistant: step-start, reasoning, tool:completed, step-finish | [27]assistant: step-start, reasoning, tool:completed, step-finish | [28]assistant: step-start, reasoning, tool:completed, step-finish | [29]user: text:"▣ DCP | ~13K tokens saved total

▣ Pruni..." | [30]assistant: step-start, reasoning, text:"Created `AGENTS.md` (251 lines) with com...", step-finish | [31]user: text:"sillytavern not host on my local do i ne..." | [32]assistant: step-start, reasoning, text:"Yes, you'll need to upload the extension...", step-finish | [33]user: text:"what about github?Enter the Git URL of t..." | [34]assistant: step-start, reasoning, text:"I'll create a GitHub repository and push...", tool:completed, step-finish, text:"
<prunable-tools>
The following tools ha..."
[2026-03-05T18:46:24.898Z] message-hooks: post-filter, msgCount=35
[2026-03-05T18:46:24.898Z] message-hooks: about to search for OPENCODE_GENERIC
[2026-03-05T18:46:24.898Z] message-hooks: searching 35 messages for OPENCODE_GENERIC
[2026-03-05T18:46:24.898Z] message-hooks: generic search complete, found=false, index=-1
[2026-03-05T18:46:24.898Z] message-hooks: no generic part found, checking for pending prompt return
[2026-03-05T18:46:32.517Z] message-hooks: ENTRY msgCount=36, sessions=ses_340c298cdffexI8aYG0IpfFG3n
[2026-03-05T18:46:32.517Z] message-hooks: MESSAGES: [0]user: text:"[analyze-mode]
ANALYSIS MODE. Gather con..." | [1]assistant: step-start, reasoning, text:"I'll search for SillyTavern extension do...", tool:completed, step-finish | [2]assistant: step-start, reasoning, text:"## SillyTavern Extension Development Gui...", step-finish | [3]user: text:"do you want to write it as document in t..." | [4]assistant: step-start, reasoning, text:"I'll save the documentation for referenc...", step-finish | [5]assistant: step-start, reasoning, text:"Saved to `ST_EXTENSION_DOCS.md`.

Now le...", tool:completed, step-finish | [6]assistant: step-start, reasoning, text:"Got it! So it's a **user continuation/au...", tool:completed, step-finish | [7]assistant: step-start, reasoning, text:"Perfect! Now I have a clear picture. Let...", step-finish | [8]assistant: step-start, reasoning, text:"Created `PLANNING.md` with the full desi...", tool:completed, step-finish | [9]assistant: step-start, reasoning, text:"Let's build it.", tool:completed, step-finish | [10]assistant: step-start, reasoning, tool:completed, step-finish | [11]assistant: step-start, reasoning, tool:completed, step-finish | [12]assistant: step-start, reasoning, tool:completed, step-finish | [13]assistant: step-start, reasoning, tool:completed, step-finish | [14]assistant: step-start, reasoning, tool:completed, step-finish | [15]assistant: step-start, reasoning, tool:completed, step-finish | [16]assistant: step-start, reasoning, tool:completed, step-finish | [17]assistant: step-start, reasoning, tool:completed, step-finish | [18]assistant: step-start, reasoning, text:"**MVP Complete!** 🪄

## Created Files

...", step-finish | [19]user: text:"[analyze-mode]
ANALYSIS MODE. Gather con..." | [20]assistant: step-start, reasoning, tool:completed, tool:completed, tool:completed, tool:completed, tool:completed, step-finish | [21]assistant: step-start, reasoning, tool:completed, tool:completed, tool:completed, step-finish | [22]assistant: step-start, reasoning, tool:completed, tool:completed, step-finish | [23]user: text:"▣ DCP | ~5K tokens saved total

▣ Prunin..." | [24]user: text:"▣ DCP | ~10K tokens saved total

▣ Pruni..." | [25]assistant: step-start, reasoning, step-finish | [26]assistant: step-start, reasoning, tool:completed, step-finish | [27]assistant: step-start, reasoning, tool:completed, step-finish | [28]assistant: step-start, reasoning, tool:completed, step-finish | [29]user: text:"▣ DCP | ~13K tokens saved total

▣ Pruni..." | [30]assistant: step-start, reasoning, text:"Created `AGENTS.md` (251 lines) with com...", step-finish | [31]user: text:"sillytavern not host on my local do i ne..." | [32]assistant: step-start, reasoning, text:"Yes, you'll need to upload the extension...", step-finish | [33]user: text:"what about github?Enter the Git URL of t..." | [34]assistant: step-start, reasoning, text:"I'll create a GitHub repository and push...", tool:completed, step-finish | [35]assistant: step-start, reasoning, tool:completed, step-finish, text:"
<prunable-tools>
The following tools ha..."
[2026-03-05T18:46:32.517Z] message-hooks: post-filter, msgCount=36
[2026-03-05T18:46:32.517Z] message-hooks: about to search for OPENCODE_GENERIC
[2026-03-05T18:46:32.517Z] message-hooks: searching 36 messages for OPENCODE_GENERIC
[2026-03-05T18:46:32.517Z] message-hooks: generic search complete, found=false, index=-1
[2026-03-05T18:46:32.517Z] message-hooks: no generic part found, checking for pending prompt return
[2026-03-05T18:46:40.801Z] message-hooks: ENTRY msgCount=37, sessions=ses_340c298cdffexI8aYG0IpfFG3n
[2026-03-05T18:46:40.801Z] message-hooks: MESSAGES: [0]user: text:"[analyze-mode]
ANALYSIS MODE. Gather con..." | [1]assistant: step-start, reasoning, text:"I'll search for SillyTavern extension do...", tool:completed, step-finish | [2]assistant: step-start, reasoning, text:"## SillyTavern Extension Development Gui...", step-finish | [3]user: text:"do you want to write it as document in t..." | [4]assistant: step-start, reasoning, text:"I'll save the documentation for referenc...", step-finish | [5]assistant: step-start, reasoning, text:"Saved to `ST_EXTENSION_DOCS.md`.

Now le...", tool:completed, step-finish | [6]assistant: step-start, reasoning, text:"Got it! So it's a **user continuation/au...", tool:completed, step-finish | [7]assistant: step-start, reasoning, text:"Perfect! Now I have a clear picture. Let...", step-finish | [8]assistant: step-start, reasoning, text:"Created `PLANNING.md` with the full desi...", tool:completed, step-finish | [9]assistant: step-start, reasoning, text:"Let's build it.", tool:completed, step-finish | [10]assistant: step-start, reasoning, tool:completed, step-finish | [11]assistant: step-start, reasoning, tool:completed, step-finish | [12]assistant: step-start, reasoning, tool:completed, step-finish | [13]assistant: step-start, reasoning, tool:completed, step-finish | [14]assistant: step-start, reasoning, tool:completed, step-finish | [15]assistant: step-start, reasoning, tool:completed, step-finish | [16]assistant: step-start, reasoning, tool:completed, step-finish | [17]assistant: step-start, reasoning, tool:completed, step-finish | [18]assistant: step-start, reasoning, text:"**MVP Complete!** 🪄

## Created Files

...", step-finish | [19]user: text:"[analyze-mode]
ANALYSIS MODE. Gather con..." | [20]assistant: step-start, reasoning, tool:completed, tool:completed, tool:completed, tool:completed, tool:completed, step-finish | [21]assistant: step-start, reasoning, tool:completed, tool:completed, tool:completed, step-finish | [22]assistant: step-start, reasoning, tool:completed, tool:completed, step-finish | [23]user: text:"▣ DCP | ~5K tokens saved total

▣ Prunin..." | [24]user: text:"▣ DCP | ~10K tokens saved total

▣ Pruni..." | [25]assistant: step-start, reasoning, step-finish | [26]assistant: step-start, reasoning, tool:completed, step-finish | [27]assistant: step-start, reasoning, tool:completed, step-finish | [28]assistant: step-start, reasoning, tool:completed, step-finish | [29]user: text:"▣ DCP | ~13K tokens saved total

▣ Pruni..." | [30]assistant: step-start, reasoning, text:"Created `AGENTS.md` (251 lines) with com...", step-finish | [31]user: text:"sillytavern not host on my local do i ne..." | [32]assistant: step-start, reasoning, text:"Yes, you'll need to upload the extension...", step-finish | [33]user: text:"what about github?Enter the Git URL of t..." | [34]assistant: step-start, reasoning, text:"I'll create a GitHub repository and push...", tool:completed, step-finish | [35]assistant: step-start, reasoning, tool:completed, step-finish | [36]assistant: step-start, reasoning, tool:completed, step-finish, text:"
<prunable-tools>
The following tools ha..."
[2026-03-05T18:46:40.801Z] message-hooks: post-filter, msgCount=37
[2026-03-05T18:46:40.801Z] message-hooks: about to search for OPENCODE_GENERIC
[2026-03-05T18:46:40.801Z] message-hooks: searching 37 messages for OPENCODE_GENERIC
[2026-03-05T18:46:40.801Z] message-hooks: generic search complete, found=false, index=-1
[2026-03-05T18:46:40.801Z] message-hooks: no generic part found, checking for pending prompt return
[2026-03-05T18:47:02.425Z] message-hooks: ENTRY msgCount=38, sessions=ses_340c298cdffexI8aYG0IpfFG3n
[2026-03-05T18:47:02.425Z] message-hooks: MESSAGES: [0]user: text:"[analyze-mode]
ANALYSIS MODE. Gather con..." | [1]assistant: step-start, reasoning, text:"I'll search for SillyTavern extension do...", tool:completed, step-finish | [2]assistant: step-start, reasoning, text:"## SillyTavern Extension Development Gui...", step-finish | [3]user: text:"do you want to write it as document in t..." | [4]assistant: step-start, reasoning, text:"I'll save the documentation for referenc...", step-finish | [5]assistant: step-start, reasoning, text:"Saved to `ST_EXTENSION_DOCS.md`.

Now le...", tool:completed, step-finish | [6]assistant: step-start, reasoning, text:"Got it! So it's a **user continuation/au...", tool:completed, step-finish | [7]assistant: step-start, reasoning, text:"Perfect! Now I have a clear picture. Let...", step-finish | [8]assistant: step-start, reasoning, text:"Created `PLANNING.md` with the full desi...", tool:completed, step-finish | [9]assistant: step-start, reasoning, text:"Let's build it.", tool:completed, step-finish | [10]assistant: step-start, reasoning, tool:completed, step-finish | [11]assistant: step-start, reasoning, tool:completed, step-finish | [12]assistant: step-start, reasoning, tool:completed, step-finish | [13]assistant: step-start, reasoning, tool:completed, step-finish | [14]assistant: step-start, reasoning, tool:completed, step-finish | [15]assistant: step-start, reasoning, tool:completed, step-finish | [16]assistant: step-start, reasoning, tool:completed, step-finish | [17]assistant: step-start, reasoning, tool:completed, step-finish | [18]assistant: step-start, reasoning, text:"**MVP Complete!** 🪄

## Created Files

...", step-finish | [19]user: text:"[analyze-mode]
ANALYSIS MODE. Gather con..." | [20]assistant: step-start, reasoning, tool:completed, tool:completed, tool:completed, tool:completed, tool:completed, step-finish | [21]assistant: step-start, reasoning, tool:completed, tool:completed, tool:completed, step-finish | [22]assistant: step-start, reasoning, tool:completed, tool:completed, step-finish | [23]user: text:"▣ DCP | ~5K tokens saved total

▣ Prunin..." | [24]user: text:"▣ DCP | ~10K tokens saved total

▣ Pruni..." | [25]assistant: step-start, reasoning, step-finish | [26]assistant: step-start, reasoning, tool:completed, step-finish | [27]assistant: step-start, reasoning, tool:completed, step-finish | [28]assistant: step-start, reasoning, tool:completed, step-finish | [29]user: text:"▣ DCP | ~13K tokens saved total

▣ Pruni..." | [30]assistant: step-start, reasoning, text:"Created `AGENTS.md` (251 lines) with com...", step-finish | [31]user: text:"sillytavern not host on my local do i ne..." | [32]assistant: step-start, reasoning, text:"Yes, you'll need to upload the extension...", step-finish | [33]user: text:"what about github?Enter the Git URL of t..." | [34]assistant: step-start, reasoning, text:"I'll create a GitHub repository and push...", tool:completed, step-finish | [35]assistant: step-start, reasoning, tool:completed, step-finish | [36]assistant: step-start, reasoning, tool:completed, step-finish | [37]assistant: step-start, reasoning, tool:completed, step-finish, text:"
<prunable-tools>
The following tools ha..."
[2026-03-05T18:47:02.425Z] message-hooks: post-filter, msgCount=38
[2026-03-05T18:47:02.425Z] message-hooks: about to search for OPENCODE_GENERIC
[2026-03-05T18:47:02.425Z] message-hooks: searching 38 messages for OPENCODE_GENERIC
[2026-03-05T18:47:02.425Z] message-hooks: generic search complete, found=false, index=-1
[2026-03-05T18:47:02.425Z] message-hooks: no generic part found, checking for pending prompt return
